2019-07-12 14:09:03,616 INFO o.a.j.u.JMeterUtils: Setting Locale to en_EN
2019-07-12 14:09:03,650 INFO o.a.j.JMeter: Loading user properties from: /usr/local/Cellar/jmeter/5.1.1/libexec/bin/user.properties
2019-07-12 14:09:03,651 INFO o.a.j.JMeter: Loading system properties from: /usr/local/Cellar/jmeter/5.1.1/libexec/bin/system.properties
2019-07-12 14:09:03,656 INFO o.a.j.JMeter: Copyright (c) 1998-2019 The Apache Software Foundation
2019-07-12 14:09:03,656 INFO o.a.j.JMeter: Version 5.1.1 r1855137
2019-07-12 14:09:03,656 INFO o.a.j.JMeter: java.version=11.0.1
2019-07-12 14:09:03,656 INFO o.a.j.JMeter: java.vm.name=Java HotSpot(TM) 64-Bit Server VM
2019-07-12 14:09:03,656 INFO o.a.j.JMeter: os.name=Mac OS X
2019-07-12 14:09:03,656 INFO o.a.j.JMeter: os.arch=x86_64
2019-07-12 14:09:03,656 INFO o.a.j.JMeter: os.version=10.14.5
2019-07-12 14:09:03,656 INFO o.a.j.JMeter: file.encoding=UTF-8
2019-07-12 14:09:03,657 INFO o.a.j.JMeter: java.awt.headless=null
2019-07-12 14:09:03,657 INFO o.a.j.JMeter: Max memory     =1073741824
2019-07-12 14:09:03,657 INFO o.a.j.JMeter: Available Processors =8
2019-07-12 14:09:03,665 INFO o.a.j.JMeter: Default Locale=English (EN)
2019-07-12 14:09:03,665 INFO o.a.j.JMeter: JMeter  Locale=English (EN)
2019-07-12 14:09:03,665 INFO o.a.j.JMeter: JMeterHome=/usr/local/Cellar/jmeter/5.1.1/libexec
2019-07-12 14:09:03,665 INFO o.a.j.JMeter: user.dir  =/Users/susucool/Documents/www/dssd/Document
2019-07-12 14:09:03,666 INFO o.a.j.JMeter: PWD       =/Users/susucool/Documents/www/dssd/Document
2019-07-12 14:09:03,671 INFO o.a.j.JMeter: IP: 192.168.56.1 Name: susucoolde-MacBook-Pro.local FullName: 192.168.56.1
2019-07-12 14:09:05,452 INFO o.a.j.g.a.LookAndFeelCommand: Installing Darcula LAF
2019-07-12 14:09:05,459 INFO o.a.j.g.a.LookAndFeelCommand: Using look and feel: com.bulenkov.darcula.DarculaLaf [Darcula]
2019-07-12 14:09:05,459 INFO o.a.j.JMeter: Setting LAF to: com.bulenkov.darcula.DarculaLaf
2019-07-12 14:09:05,542 INFO o.a.j.JMeter: Loaded icon properties from org/apache/jmeter/images/icon.properties
2019-07-12 14:09:06,738 INFO k.a.j.JMeterPluginsUtils: JMeter-Plugins.org v.1.4.0
2019-07-12 14:09:07,364 WARN o.a.j.g.u.MenuFactory: Could not instantiate class: kg.apc.jmeter.reporters.LoadosophiaUploaderGui
java.lang.reflect.InvocationTargetException: null
	at jdk.internal.reflect.NativeConstructorAccessorImpl.newInstance0(Native Method) ~[?:?]
	at jdk.internal.reflect.NativeConstructorAccessorImpl.newInstance(NativeConstructorAccessorImpl.java:62) ~[?:?]
	at jdk.internal.reflect.DelegatingConstructorAccessorImpl.newInstance(DelegatingConstructorAccessorImpl.java:45) ~[?:?]
	at java.lang.reflect.Constructor.newInstance(Constructor.java:490) ~[?:?]
	at org.apache.jmeter.gui.util.MenuFactory.getGUIComponent(MenuFactory.java:174) [ApacheJMeter_core.jar:5.1.1 r1855137]
	at org.apache.jmeter.gui.util.MenuFactory.initializeMenus(MenuFactory.java:141) [ApacheJMeter_core.jar:5.1.1 r1855137]
	at org.apache.jmeter.gui.util.MenuFactory.<clinit>(MenuFactory.java:106) [ApacheJMeter_core.jar:5.1.1 r1855137]
	at org.apache.jmeter.control.gui.TestPlanGui.createPopupMenu(TestPlanGui.java:92) [ApacheJMeter_core.jar:5.1.1 r1855137]
	at org.apache.jmeter.gui.tree.JMeterTreeNode.createPopupMenu(JMeterTreeNode.java:185) [ApacheJMeter_core.jar:5.1.1 r1855137]
	at org.apache.jmeter.gui.action.EditCommand.doAction(EditCommand.java:46) [ApacheJMeter_core.jar:5.1.1 r1855137]
	at org.apache.jmeter.gui.action.ActionRouter.performAction(ActionRouter.java:88) [ApacheJMeter_core.jar:5.1.1 r1855137]
	at org.apache.jmeter.gui.action.ActionRouter.lambda$actionPerformed$0(ActionRouter.java:70) [ApacheJMeter_core.jar:5.1.1 r1855137]
	at java.awt.event.InvocationEvent.dispatch(InvocationEvent.java:313) [?:?]
	at java.awt.EventQueue.dispatchEventImpl(EventQueue.java:770) [?:?]
	at java.awt.EventQueue$4.run(EventQueue.java:721) [?:?]
	at java.awt.EventQueue$4.run(EventQueue.java:715) [?:?]
	at java.security.AccessController.doPrivileged(Native Method) [?:?]
	at java.security.ProtectionDomain$JavaSecurityAccessImpl.doIntersectionPrivilege(ProtectionDomain.java:85) [?:?]
	at java.awt.EventQueue.dispatchEvent(EventQueue.java:740) [?:?]
	at java.awt.EventDispatchThread.pumpOneEventForFilters(EventDispatchThread.java:203) [?:?]
	at java.awt.EventDispatchThread.pumpEventsForFilter(EventDispatchThread.java:124) [?:?]
	at java.awt.EventDispatchThread.pumpEventsForHierarchy(EventDispatchThread.java:113) [?:?]
	at java.awt.EventDispatchThread.pumpEvents(EventDispatchThread.java:109) [?:?]
	at java.awt.EventDispatchThread.pumpEvents(EventDispatchThread.java:101) [?:?]
	at java.awt.EventDispatchThread.run(EventDispatchThread.java:90) [?:?]
Caused by: java.lang.NoClassDefFoundError: org/apache/commons/httpclient/methods/multipart/PartSource
	at kg.apc.jmeter.reporters.LoadosophiaUploaderGui.init(LoadosophiaUploaderGui.java:114) ~[JMeterPlugins-Standard.jar:?]
	at kg.apc.jmeter.reporters.LoadosophiaUploaderGui.<init>(LoadosophiaUploaderGui.java:28) ~[JMeterPlugins-Standard.jar:?]
	... 25 more
Caused by: java.lang.ClassNotFoundException: org.apache.commons.httpclient.methods.multipart.PartSource
	at java.net.URLClassLoader.findClass(URLClassLoader.java:471) ~[?:?]
	at java.lang.ClassLoader.loadClass(ClassLoader.java:588) ~[?:?]
	at java.lang.ClassLoader.loadClass(ClassLoader.java:521) ~[?:?]
	at kg.apc.jmeter.reporters.LoadosophiaUploaderGui.init(LoadosophiaUploaderGui.java:114) ~[JMeterPlugins-Standard.jar:?]
	at kg.apc.jmeter.reporters.LoadosophiaUploaderGui.<init>(LoadosophiaUploaderGui.java:28) ~[JMeterPlugins-Standard.jar:?]
	... 25 more
